\BOOKMARK [0][-]{chapter*.1}{ACKNOWLEDGEMENTS}{}% 1
\BOOKMARK [0][-]{section*.6}{LIST OF FIGURES}{}% 2
\BOOKMARK [0][-]{section*.6}{LIST OF APPENDICES}{}% 3
\BOOKMARK [0][-]{section*.6}{LIST OF ABBREVIATIONS}{}% 4
\BOOKMARK [0][-]{chapter.1}{Introduction}{}% 5
\BOOKMARK [1][-]{section.1.1}{Scope}{chapter.1}% 6
\BOOKMARK [1][-]{section.1.2}{New phases and particles}{chapter.1}% 7
\BOOKMARK [1][-]{section.1.3}{Topology and Superconductivity}{chapter.1}% 8
\BOOKMARK [0][-]{chapter.2}{Cleanroom-in-a-Glovebox}{}% 9
\BOOKMARK [1][-]{section.2.1}{Introduction}{chapter.2}% 10
\BOOKMARK [1][-]{section.2.2}{Materials Characterization}{chapter.2}% 11
\BOOKMARK [1][-]{section.2.3}{Sample Fabrication}{chapter.2}% 12
\BOOKMARK [1][-]{section.2.4}{Ultra High Vacuum Suitcase}{chapter.2}% 13
\BOOKMARK [1][-]{section.2.5}{Conclusions}{chapter.2}% 14
\BOOKMARK [0][-]{chapter.3}{Topology in FeTe0.55Se0.45}{}% 15
\BOOKMARK [1][-]{section.3.1}{Introduction}{chapter.3}% 16
\BOOKMARK [1][-]{section.3.2}{Results and Discussion}{chapter.3}% 17
\BOOKMARK [0][-]{chapter.4}{New Results in FeTe0.55Se0.45}{}% 18
\BOOKMARK [1][-]{section.4.1}{Introduction}{chapter.4}% 19
\BOOKMARK [1][-]{section.4.2}{Observation of Bias-Independent Conductance Plateau}{chapter.4}% 20
\BOOKMARK [1][-]{section.4.3}{Magnetic Field Dependence}{chapter.4}% 21
\BOOKMARK [1][-]{section.4.4}{Conclusion}{chapter.4}% 22
\BOOKMARK [0][-]{chapter.5}{Conclusion}{}% 23
\BOOKMARK [1][-]{section.5.1}{Summary}{chapter.5}% 24
\BOOKMARK [1][-]{section.5.2}{Future Work}{chapter.5}% 25
\BOOKMARK [2][-]{subsection.5.2.1}{Fe-based topological superconductivity}{section.5.2}% 26
\BOOKMARK [0][-]{subsection.5.2.1}{APPENDICES}{}% 27
\BOOKMARK [1][-]{section.A.1}{BTK Theory}{subsection.5.2.1}% 28
\BOOKMARK [2][-]{subsection.A.1.1}{The BdG Formalism}{section.A.1}% 29
\BOOKMARK [2][-]{subsection.A.1.2}{The BTK calculation}{section.A.1}% 30
\BOOKMARK [1][-]{section.A.2}{Pseudo-Code for fitting spectra}{subsection.5.2.1}% 31
\BOOKMARK [1][-]{section.B.1}{Measuring differential conductance}{subsection.5.2.1}% 32
\BOOKMARK [1][-]{section.B.2}{Circuit construction}{subsection.5.2.1}% 33
\BOOKMARK [2][-]{subsection.B.2.1}{Circuit troubles and solutions}{section.B.2}% 34
\BOOKMARK [1][-]{section.B.3}{Three-point measurements}{subsection.5.2.1}% 35
\BOOKMARK [0][-]{section.B.3}{BIBLIOGRAPHY}{}% 36
